# JRE version: OpenJDK Runtime Environment Temurin-21.0.8+9 (21.0.8+9) (build 21.0.8+9-LTS)
# Java VM: OpenJDK 64-Bit Server VM Temurin-21.0.8+9 (21.0.8+9-LTS, mixed mode, sharing, tiered, compressed oops, compressed class ptrs, parallel gc, windows-amd64)
GC Precious Log:
 CardTable entry size: 512
 CPUs: 16 total, 16 available
 Memory: 32440M
 Large Page Support: Disabled
 NUMA Support: Disabled
 Compressed Oops: Enabled (32-bit)
 Alignments: Space 512K, Generation 512K, Heap 2M
 Heap Min Capacity: 100M
 Heap Initial Capacity: 100M
 Heap Max Capacity: 2G
 Pre-touch: Disabled
 Parallel Workers: 13
Heap:
 PSYoungGen      total 5632K, used 1134K [0x00000000d5580000, 0x00000000d5c80000, 0x0000000100000000)
  eden space 4608K, 13% used [0x00000000d5580000,0x00000000d561b8f0,0x00000000d5a00000)
  from space 1024K, 50% used [0x00000000d5a00000,0x00000000d5a80000,0x00000000d5b00000)
  to   space 1024K, 0% used [0x00000000d5b80000,0x00000000d5b80000,0x00000000d5c80000)
 ParOldGen       total 1208832K, used 1208699K [0x0000000080000000, 0x00000000c9c80000, 0x00000000d5580000)
  object space 1208832K, 99% used [0x0000000080000000,0x00000000c9c5ee98,0x00000000c9c80000)
 Metaspace       used 71779K, committed 73216K, reserved 1179648K
  class space    used 7361K, committed 7936K, reserved 1048576K
GC Heap History (20 events):
Event: 1619.421 GC heap before
{Heap before GC invocations=2021 (full 3):
 PSYoungGen      total 4096K, used 3040K [0x00000000d5580000, 0x00000000d5c80000, 0x0000000100000000)
  eden space 2560K, 100% used [0x00000000d5580000,0x00000000d5800000,0x00000000d5800000)
  from space 1536K, 31% used [0x00000000d5a00000,0x00000000d5a78000,0x00000000d5b80000)
  to   space 1024K, 0% used [0x00000000d5b80000,0x00000000d5b80000,0x00000000d5c80000)
 ParOldGen       total 1205248K, used 1204828K [0x0000000080000000, 0x00000000c9900000, 0x00000000d5580000)
  object space 1205248K, 99% used [0x0000000080000000,0x00000000c98972e8,0x00000000c9900000)
 Metaspace       used 71593K, committed 72960K, reserved 1179648K
  class space    used 7361K, committed 7936K, reserved 1048576K
}
Event: 1619.424 GC heap after
{Heap after GC invocations=2021 (full 3):
 PSYoungGen      total 3584K, used 496K [0x00000000d5580000, 0x00000000d5c00000, 0x0000000100000000)
  eden space 3072K, 0% used [0x00000000d5580000,0x00000000d5580000,0x00000000d5880000)
  from space 512K, 96% used [0x00000000d5b80000,0x00000000d5bfc010,0x00000000d5c00000)
  to   space 1024K, 0% used [0x00000000d5a00000,0x00000000d5a00000,0x00000000d5b00000)
 ParOldGen       total 1205248K, used 1205048K [0x0000000080000000, 0x00000000c9900000, 0x00000000d5580000)
  object space 1205248K, 99% used [0x0000000080000000,0x00000000c98ce2f8,0x00000000c9900000)
 Metaspace       used 71593K, committed 72960K, reserved 1179648K
  class space    used 7361K, committed 7936K, reserved 1048576K
}
Event: 1619.434 GC heap before
{Heap before GC invocations=2022 (full 3):
 PSYoungGen      total 3584K, used 3568K [0x00000000d5580000, 0x00000000d5c00000, 0x0000000100000000)
  eden space 3072K, 100% used [0x00000000d5580000,0x00000000d5880000,0x00000000d5880000)
  from space 512K, 96% used [0x00000000d5b80000,0x00000000d5bfc010,0x00000000d5c00000)
  to   space 1024K, 0% used [0x00000000d5a00000,0x00000000d5a00000,0x00000000d5b00000)
 ParOldGen       total 1205248K, used 1205048K [0x0000000080000000, 0x00000000c9900000, 0x00000000d5580000)
  object space 1205248K, 99% used [0x0000000080000000,0x00000000c98ce2f8,0x00000000c9900000)
 Metaspace       used 71594K, committed 72960K, reserved 1179648K
  class space    used 7361K, committed 7936K, reserved 1048576K
}
Event: 1619.437 GC heap after
{Heap after GC invocations=2022 (full 3):
 PSYoungGen      total 5120K, used 480K [0x00000000d5580000, 0x00000000d5c00000, 0x0000000100000000)
  eden space 4096K, 0% used [0x00000000d5580000,0x00000000d5580000,0x00000000d5980000)
  from space 1024K, 46% used [0x00000000d5a00000,0x00000000d5a78000,0x00000000d5b00000)
  to   space 512K, 0% used [0x00000000d5b80000,0x00000000d5b80000,0x00000000d5c00000)
 ParOldGen       total 1205760K, used 1205320K [0x0000000080000000, 0x00000000c9980000, 0x00000000d5580000)
  object space 1205760K, 99% used [0x0000000080000000,0x00000000c9912318,0x00000000c9980000)
 Metaspace       used 71594K, committed 72960K, reserved 1179648K
  class space    used 7361K, committed 7936K, reserved 1048576K
}
Event: 1619.452 GC heap before
{Heap before GC invocations=2023 (full 3):
 PSYoungGen      total 5120K, used 4576K [0x00000000d5580000, 0x00000000d5c00000, 0x0000000100000000)
  eden space 4096K, 100% used [0x00000000d5580000,0x00000000d5980000,0x00000000d5980000)
  from space 1024K, 46% used [0x00000000d5a00000,0x00000000d5a78000,0x00000000d5b00000)
  to   space 512K, 0% used [0x00000000d5b80000,0x00000000d5b80000,0x00000000d5c00000)
 ParOldGen       total 1205760K, used 1205320K [0x0000000080000000, 0x00000000c9980000, 0x00000000d5580000)
  object space 1205760K, 99% used [0x0000000080000000,0x00000000c9912318,0x00000000c9980000)
 Metaspace       used 71597K, committed 72960K, reserved 1179648K
  class space    used 7361K, committed 7936K, reserved 1048576K
}
Event: 1619.456 GC heap after
{Heap after GC invocations=2023 (full 3):
 PSYoungGen      total 4608K, used 512K [0x00000000d5580000, 0x00000000d5c00000, 0x0000000100000000)
  eden space 4096K, 0% used [0x00000000d5580000,0x00000000d5580000,0x00000000d5980000)
  from space 512K, 100% used [0x00000000d5b80000,0x00000000d5c00000,0x00000000d5c00000)
  to   space 1024K, 0% used [0x00000000d5a00000,0x00000000d5a00000,0x00000000d5b00000)
 ParOldGen       total 1205760K, used 1205656K [0x0000000080000000, 0x00000000c9980000, 0x00000000d5580000)
  object space 1205760K, 99% used [0x0000000080000000,0x00000000c9966358,0x00000000c9980000)
 Metaspace       used 71597K, committed 72960K, reserved 1179648K
  class space    used 7361K, committed 7936K, reserved 1048576K
}
Event: 1619.465 GC heap before
{Heap before GC invocations=2024 (full 3):
 PSYoungGen      total 4608K, used 4608K [0x00000000d5580000, 0x00000000d5c00000, 0x0000000100000000)
  eden space 4096K, 100% used [0x00000000d5580000,0x00000000d5980000,0x00000000d5980000)
  from space 512K, 100% used [0x00000000d5b80000,0x00000000d5c00000,0x00000000d5c00000)
  to   space 1024K, 0% used [0x00000000d5a00000,0x00000000d5a00000,0x00000000d5b00000)
 ParOldGen       total 1205760K, used 1205656K [0x0000000080000000, 0x00000000c9980000, 0x00000000d5580000)
  object space 1205760K, 99% used [0x0000000080000000,0x00000000c9966358,0x00000000c9980000)
 Metaspace       used 71597K, committed 72960K, reserved 1179648K
  class space    used 7361K, committed 7936K, reserved 1048576K
}
Event: 1619.468 GC heap after
{Heap after GC invocations=2024 (full 3):
 PSYoungGen      total 5632K, used 512K [0x00000000d5580000, 0x00000000d5c80000, 0x0000000100000000)
  eden space 4608K, 0% used [0x00000000d5580000,0x00000000d5580000,0x00000000d5a00000)
  from space 1024K, 50% used [0x00000000d5a00000,0x00000000d5a80000,0x00000000d5b00000)
  to   space 1024K, 0% used [0x00000000d5b80000,0x00000000d5b80000,0x00000000d5c80000)
 ParOldGen       total 1206272K, used 1206024K [0x0000000080000000, 0x00000000c9a00000, 0x00000000d5580000)
  object space 1206272K, 99% used [0x0000000080000000,0x00000000c99c2378,0x00000000c9a00000)
 Metaspace       used 71597K, committed 72960K, reserved 1179648K
  class space    used 7361K, committed 7936K, reserved 1048576K
}
Event: 1619.482 GC heap before
{Heap before GC invocations=2025 (full 3):
 PSYoungGen      total 5632K, used 5120K [0x00000000d5580000, 0x00000000d5c80000, 0x0000000100000000)
  eden space 4608K, 100% used [0x00000000d5580000,0x00000000d5a00000,0x00000000d5a00000)
  from space 1024K, 50% used [0x00000000d5a00000,0x00000000d5a80000,0x00000000d5b00000)
  to   space 1024K, 0% used [0x00000000d5b80000,0x00000000d5b80000,0x00000000d5c80000)
 ParOldGen       total 1206272K, used 1206024K [0x0000000080000000, 0x00000000c9a00000, 0x00000000d5580000)
  object space 1206272K, 99% used [0x0000000080000000,0x00000000c99c2378,0x00000000c9a00000)
 Metaspace       used 71633K, committed 73024K, reserved 1179648K
  class space    used 7361K, committed 7936K, reserved 1048576K
}
Event: 1619.485 GC heap after
{Heap after GC invocations=2025 (full 3):
 PSYoungGen      total 5632K, used 841K [0x00000000d5580000, 0x00000000d5c80000, 0x0000000100000000)
  eden space 4608K, 0% used [0x00000000d5580000,0x00000000d5580000,0x00000000d5a00000)
  from space 1024K, 82% used [0x00000000d5b80000,0x00000000d5c52400,0x00000000d5c80000)
  to   space 1024K, 0% used [0x00000000d5a00000,0x00000000d5a00000,0x00000000d5b00000)
 ParOldGen       total 1206784K, used 1206336K [0x0000000080000000, 0x00000000c9a80000, 0x00000000d5580000)
  object space 1206784K, 99% used [0x0000000080000000,0x00000000c9a10398,0x00000000c9a80000)
 Metaspace       used 71633K, committed 73024K, reserved 1179648K
  class space    used 7361K, committed 7936K, reserved 1048576K
}
Event: 1619.497 GC heap before
{Heap before GC invocations=2026 (full 3):
 PSYoungGen      total 5632K, used 5449K [0x00000000d5580000, 0x00000000d5c80000, 0x0000000100000000)
  eden space 4608K, 100% used [0x00000000d5580000,0x00000000d5a00000,0x00000000d5a00000)
  from space 1024K, 82% used [0x00000000d5b80000,0x00000000d5c52400,0x00000000d5c80000)
  to   space 1024K, 0% used [0x00000000d5a00000,0x00000000d5a00000,0x00000000d5b00000)
 ParOldGen       total 1206784K, used 1206336K [0x0000000080000000, 0x00000000c9a80000, 0x00000000d5580000)
  object space 1206784K, 99% used [0x0000000080000000,0x00000000c9a10398,0x00000000c9a80000)
 Metaspace       used 71658K, committed 73024K, reserved 1179648K
  class space    used 7361K, committed 7936K, reserved 1048576K
}
Event: 1619.500 GC heap after
{Heap after GC invocations=2026 (full 3):
 PSYoungGen      total 5632K, used 832K [0x00000000d5580000, 0x00000000d5c00000, 0x0000000100000000)
  eden space 4608K, 0% used [0x00000000d5580000,0x00000000d5580000,0x00000000d5a00000)
  from space 1024K, 81% used [0x00000000d5a00000,0x00000000d5ad0000,0x00000000d5b00000)
  to   space 1024K, 0% used [0x00000000d5b00000,0x00000000d5b00000,0x00000000d5c00000)
 ParOldGen       total 1207296K, used 1206906K [0x0000000080000000, 0x00000000c9b00000, 0x00000000d5580000)
  object space 1207296K, 99% used [0x0000000080000000,0x00000000c9a9eab8,0x00000000c9b00000)
 Metaspace       used 71658K, committed 73024K, reserved 1179648K
  class space    used 7361K, committed 7936K, reserved 1048576K
}
Event: 1619.513 GC heap before
{Heap before GC invocations=2027 (full 3):
 PSYoungGen      total 5632K, used 5440K [0x00000000d5580000, 0x00000000d5c00000, 0x0000000100000000)
  eden space 4608K, 100% used [0x00000000d5580000,0x00000000d5a00000,0x00000000d5a00000)
  from space 1024K, 81% used [0x00000000d5a00000,0x00000000d5ad0000,0x00000000d5b00000)
  to   space 1024K, 0% used [0x00000000d5b00000,0x00000000d5b00000,0x00000000d5c00000)
 ParOldGen       total 1207296K, used 1206906K [0x0000000080000000, 0x00000000c9b00000, 0x00000000d5580000)
  object space 1207296K, 99% used [0x0000000080000000,0x00000000c9a9eab8,0x00000000c9b00000)
 Metaspace       used 71658K, committed 73024K, reserved 1179648K
  class space    used 7361K, committed 7936K, reserved 1048576K
}
Event: 1619.518 GC heap after
{Heap after GC invocations=2027 (full 3):
 PSYoungGen      total 5632K, used 704K [0x00000000d5580000, 0x00000000d5d00000, 0x0000000100000000)
  eden space 4608K, 0% used [0x00000000d5580000,0x00000000d5580000,0x00000000d5a00000)
  from space 1024K, 68% used [0x00000000d5b00000,0x00000000d5bb0020,0x00000000d5c00000)
  to   space 1024K, 0% used [0x00000000d5a00000,0x00000000d5a00000,0x00000000d5b00000)
 ParOldGen       total 1207808K, used 1207515K [0x0000000080000000, 0x00000000c9b80000, 0x00000000d5580000)
  object space 1207808K, 99% used [0x0000000080000000,0x00000000c9b36df8,0x00000000c9b80000)
 Metaspace       used 71658K, committed 73024K, reserved 1179648K
  class space    used 7361K, committed 7936K, reserved 1048576K
}
Event: 1619.531 GC heap before
{Heap before GC invocations=2028 (full 3):
 PSYoungGen      total 5632K, used 5312K [0x00000000d5580000, 0x00000000d5d00000, 0x0000000100000000)
  eden space 4608K, 100% used [0x00000000d5580000,0x00000000d5a00000,0x00000000d5a00000)
  from space 1024K, 68% used [0x00000000d5b00000,0x00000000d5bb0020,0x00000000d5c00000)
  to   space 1024K, 0% used [0x00000000d5a00000,0x00000000d5a00000,0x00000000d5b00000)
 ParOldGen       total 1207808K, used 1207515K [0x0000000080000000, 0x00000000c9b80000, 0x00000000d5580000)
  object space 1207808K, 99% used [0x0000000080000000,0x00000000c9b36df8,0x00000000c9b80000)
 Metaspace       used 71659K, committed 73024K, reserved 1179648K
  class space    used 7361K, committed 7936K, reserved 1048576K
}
Event: 1619.535 GC heap after
{Heap after GC invocations=2028 (full 3):
 PSYoungGen      total 5632K, used 592K [0x00000000d5580000, 0x00000000d5d00000, 0x0000000100000000)
  eden space 4608K, 0% used [0x00000000d5580000,0x00000000d5580000,0x00000000d5a00000)
  from space 1024K, 57% used [0x00000000d5a00000,0x00000000d5a94010,0x00000000d5b00000)
  to   space 1024K, 0% used [0x00000000d5c00000,0x00000000d5c00000,0x00000000d5d00000)
 ParOldGen       total 1208320K, used 1207955K [0x0000000080000000, 0x00000000c9c00000, 0x00000000d5580000)
  object space 1208320K, 99% used [0x0000000080000000,0x00000000c9ba4e58,0x00000000c9c00000)
 Metaspace       used 71659K, committed 73024K, reserved 1179648K
  class space    used 7361K, committed 7936K, reserved 1048576K
}
Event: 1619.548 GC heap before
{Heap before GC invocations=2029 (full 3):
 PSYoungGen      total 5632K, used 5200K [0x00000000d5580000, 0x00000000d5d00000, 0x0000000100000000)
  eden space 4608K, 100% used [0x00000000d5580000,0x00000000d5a00000,0x00000000d5a00000)
  from space 1024K, 57% used [0x00000000d5a00000,0x00000000d5a94010,0x00000000d5b00000)
  to   space 1024K, 0% used [0x00000000d5c00000,0x00000000d5c00000,0x00000000d5d00000)
 ParOldGen       total 1208320K, used 1207955K [0x0000000080000000, 0x00000000c9c00000, 0x00000000d5580000)
  object space 1208320K, 99% used [0x0000000080000000,0x00000000c9ba4e58,0x00000000c9c00000)
 Metaspace       used 71692K, committed 73088K, reserved 1179648K
  class space    used 7361K, committed 7936K, reserved 1048576K
}
Event: 1619.551 GC heap after
{Heap after GC invocations=2029 (full 3):
 PSYoungGen      total 5632K, used 528K [0x00000000d5580000, 0x00000000d5d00000, 0x0000000100000000)
  eden space 4608K, 0% used [0x00000000d5580000,0x00000000d5580000,0x00000000d5a00000)
  from space 1024K, 51% used [0x00000000d5c00000,0x00000000d5c84010,0x00000000d5d00000)
  to   space 1024K, 0% used [0x00000000d5a00000,0x00000000d5a00000,0x00000000d5b00000)
 ParOldGen       total 1208832K, used 1208363K [0x0000000080000000, 0x00000000c9c80000, 0x00000000d5580000)
  object space 1208832K, 99% used [0x0000000080000000,0x00000000c9c0ae78,0x00000000c9c80000)
 Metaspace       used 71692K, committed 73088K, reserved 1179648K
  class space    used 7361K, committed 7936K, reserved 1048576K
}
Event: 4421.597 GC heap before
{Heap before GC invocations=2030 (full 3):
 PSYoungGen      total 5632K, used 5133K [0x00000000d5580000, 0x00000000d5d00000, 0x0000000100000000)
  eden space 4608K, 99% used [0x00000000d5580000,0x00000000d59ff738,0x00000000d5a00000)
  from space 1024K, 51% used [0x00000000d5c00000,0x00000000d5c84010,0x00000000d5d00000)
  to   space 1024K, 0% used [0x00000000d5a00000,0x00000000d5a00000,0x00000000d5b00000)
 ParOldGen       total 1208832K, used 1208363K [0x0000000080000000, 0x00000000c9c80000, 0x00000000d5580000)
  object space 1208832K, 99% used [0x0000000080000000,0x00000000c9c0ae78,0x00000000c9c80000)
 Metaspace       used 71745K, committed 73152K, reserved 1179648K
  class space    used 7361K, committed 7936K, reserved 1048576K
}
Event: 4421.603 GC heap after
{Heap after GC invocations=2030 (full 3):
 PSYoungGen      total 5632K, used 512K [0x00000000d5580000, 0x00000000d5c80000, 0x0000000100000000)
  eden space 4608K, 0% used [0x00000000d5580000,0x00000000d5580000,0x00000000d5a00000)
  from space 1024K, 50% used [0x00000000d5a00000,0x00000000d5a80000,0x00000000d5b00000)
  to   space 1024K, 0% used [0x00000000d5b80000,0x00000000d5b80000,0x00000000d5c80000)
 ParOldGen       total 1208832K, used 1208699K [0x0000000080000000, 0x00000000c9c80000, 0x00000000d5580000)
  object space 1208832K, 99% used [0x0000000080000000,0x00000000c9c5ee98,0x00000000c9c80000)
 Metaspace       used 71745K, committed 73152K, reserved 1179648K
  class space    used 7361K, committed 7936K, reserved 1048576K
}

